INFO  [2018-07-28 00:08:15,815]  client.py  [31]  __init__:  Запуск клиента (client Пишуший)
INFO  [2018-07-28 00:08:15,819]  client.py  [40]  connect:  Установлено соединение с сервером localhost:8888)
INFO  [2018-07-28 00:08:15,820]  client.py  [47]  connect:  Получен запрос (probe) от сервера (client Пишуший)
INFO  [2018-07-28 00:08:15,820]  client.py  [92]  connect_control:  Отправлен презент серверу (client Пишуший)
INFO  [2018-07-28 00:08:15,942]  client.py  [79]  response_control:  Получен ответ сервера на презентс (200) (client Пишуший)  Доступ разрешён
INFO  [2018-07-28 00:08:16,025]  client.py  [113]  get_contacts:  Отправлен запрос "список контактов" (client Пишуший)  {'action': 'get_contacts', 'time': '2018-07-28 00:08:16'}
INFO  [2018-07-28 00:08:16,150]  client.py  [115]  get_contacts:  Получен ответ от сервера {'response': 200, 'time': '2018-07-28 00:08:16', 'alert': ['Смелый', 'Пишуший', 'Читающий', 'Бодрый']}
INFO  [2018-07-28 00:09:09,836]  client.py  [31]  __init__:  Запуск клиента (client Пишуший)
INFO  [2018-07-28 00:09:09,839]  client.py  [40]  connect:  Установлено соединение с сервером localhost:8888)
INFO  [2018-07-28 00:09:09,839]  client.py  [47]  connect:  Получен запрос (probe) от сервера (client Пишуший)
INFO  [2018-07-28 00:09:09,840]  client.py  [92]  connect_control:  Отправлен презент серверу (client Пишуший)
INFO  [2018-07-28 00:09:09,962]  client.py  [79]  response_control:  Получен ответ сервера на презентс (200) (client Пишуший)  Доступ разрешён
INFO  [2018-07-28 00:09:09,978]  client.py  [113]  get_contacts:  Отправлен запрос "список контактов" (client Пишуший)  {'action': 'get_contacts', 'time': '2018-07-28 00:09:09'}
INFO  [2018-07-28 00:09:10,169]  client.py  [115]  get_contacts:  Получен ответ от сервера {'response': 200, 'time': '2018-07-28 00:09:10', 'alert': ['Смелый', 'Пишуший', 'Читающий', 'Бодрый']}
INFO  [2018-07-28 00:09:29,069]  client.py  [31]  __init__:  Запуск клиента (client Пишуший)
INFO  [2018-07-28 00:09:29,072]  client.py  [40]  connect:  Установлено соединение с сервером localhost:8888)
INFO  [2018-07-28 00:09:29,073]  client.py  [47]  connect:  Получен запрос (probe) от сервера (client Пишуший)
INFO  [2018-07-28 00:09:29,073]  client.py  [92]  connect_control:  Отправлен презент серверу (client Пишуший)
INFO  [2018-07-28 00:09:29,192]  client.py  [79]  response_control:  Получен ответ сервера на презентс (200) (client Пишуший)  Доступ разрешён
INFO  [2018-07-28 00:09:29,210]  client.py  [113]  get_contacts:  Отправлен запрос "список контактов" (client Пишуший)  {'action': 'get_contacts', 'time': '2018-07-28 00:09:29'}
INFO  [2018-07-28 00:09:29,399]  client.py  [115]  get_contacts:  Получен ответ от сервера {'response': 200, 'time': '2018-07-28 00:09:29', 'alert': ['Смелый', 'Пишуший', 'Читающий', 'Бодрый']}
INFO  [2018-07-28 14:54:18,411]  client-r.py  [19]  __init__:  Запуск клиента (client Читающий)
INFO  [2018-07-28 14:54:18,411]  client-r.py  [108]  <module>:  Запуск клиента (client Читающий)
INFO  [2018-07-28 14:54:18,411]  client-r.py  [109]  <module>:  Установлено соединение с сервером localhost:8888)
INFO  [2018-07-28 14:54:18,412]  client-r.py  [114]  <module>:  Получен запрос (probe) от сервера (client Читающий)
INFO  [2018-07-28 14:54:18,413]  client-r.py  [49]  connect_control:  Отправлен презент серверу (client Читающий)
INFO  [2018-07-28 14:54:18,539]  client-r.py  [37]  response_control:  Получен ответ сервера на презентс (200) (client Читающий)  Доступ разрешён
INFO  [2018-07-28 14:54:23,567]  client.py  [31]  __init__:  Запуск клиента (client Пишуший)
INFO  [2018-07-28 14:54:23,571]  client.py  [40]  connect:  Установлено соединение с сервером localhost:8888)
INFO  [2018-07-28 14:54:23,571]  client.py  [47]  connect:  Получен запрос (probe) от сервера (client Пишуший)
INFO  [2018-07-28 14:54:23,571]  client.py  [92]  connect_control:  Отправлен презент серверу (client Пишуший)
INFO  [2018-07-28 14:54:23,666]  client.py  [79]  response_control:  Получен ответ сервера на презентс (200) (client Пишуший)  Доступ разрешён
INFO  [2018-07-28 14:54:23,778]  client.py  [113]  get_contacts:  Отправлен запрос "список контактов" (client Пишуший)  {'action': 'get_contacts', 'time': '2018-07-28 14:54:23'}
INFO  [2018-07-28 14:54:23,874]  client.py  [115]  get_contacts:  Получен ответ от сервера {'response': 200, 'time': '2018-07-28 14:54:23', 'alert': ['Смелый', 'Пишуший', 'Читающий', 'Бодрый']}
